{"C:\\Users\\Vaibhav\\Desktop\\My Projects\\hirenest\\backend\\controllers\\applicationController.js": {"path":"C:\\Users\\Vaibhav\\Desktop\\My Projects\\hirenest\\backend\\controllers\\applicationController.js","statementMap":{"0":{"start":{"line":7,"column":26},"end":{"line":53,"column":2}},"1":{"start":{"line":8,"column":26},"end":{"line":8,"column":34}},"2":{"start":{"line":9,"column":16},"end":{"line":9,"column":29}},"3":{"start":{"line":11,"column":14},"end":{"line":11,"column":39}},"4":{"start":{"line":13,"column":2},"end":{"line":15,"column":3}},"5":{"start":{"line":14,"column":4},"end":{"line":14,"column":45}},"6":{"start":{"line":17,"column":2},"end":{"line":19,"column":3}},"7":{"start":{"line":18,"column":4},"end":{"line":18,"column":60}},"8":{"start":{"line":21,"column":2},"end":{"line":23,"column":3}},"9":{"start":{"line":22,"column":4},"end":{"line":22,"column":60}},"10":{"start":{"line":25,"column":23},"end":{"line":28,"column":4}},"11":{"start":{"line":30,"column":2},"end":{"line":32,"column":3}},"12":{"start":{"line":31,"column":4},"end":{"line":31,"column":70}},"13":{"start":{"line":34,"column":30},"end":{"line":37,"column":4}},"14":{"start":{"line":39,"column":2},"end":{"line":41,"column":3}},"15":{"start":{"line":40,"column":4},"end":{"line":40,"column":68}},"16":{"start":{"line":43,"column":22},"end":{"line":48,"column":4}},"17":{"start":{"line":50,"column":2},"end":{"line":52,"column":74}},"18":{"start":{"line":55,"column":33},"end":{"line":61,"column":2}},"19":{"start":{"line":56,"column":23},"end":{"line":58,"column":23}},"20":{"start":{"line":60,"column":2},"end":{"line":60,"column":25}},"21":{"start":{"line":63,"column":32},"end":{"line":79,"column":2}},"22":{"start":{"line":64,"column":14},"end":{"line":64,"column":47}},"23":{"start":{"line":66,"column":2},"end":{"line":68,"column":3}},"24":{"start":{"line":67,"column":4},"end":{"line":67,"column":45}},"25":{"start":{"line":70,"column":2},"end":{"line":72,"column":3}},"26":{"start":{"line":71,"column":4},"end":{"line":71,"column":65}},"27":{"start":{"line":74,"column":23},"end":{"line":76,"column":23}},"28":{"start":{"line":78,"column":2},"end":{"line":78,"column":25}},"29":{"start":{"line":81,"column":39},"end":{"line":107,"column":2}},"30":{"start":{"line":82,"column":21},"end":{"line":82,"column":29}},"31":{"start":{"line":84,"column":2},"end":{"line":86,"column":3}},"32":{"start":{"line":85,"column":4},"end":{"line":85,"column":46}},"33":{"start":{"line":88,"column":22},"end":{"line":90,"column":3}},"34":{"start":{"line":92,"column":2},"end":{"line":94,"column":3}},"35":{"start":{"line":93,"column":4},"end":{"line":93,"column":53}},"36":{"start":{"line":96,"column":2},"end":{"line":98,"column":3}},"37":{"start":{"line":97,"column":4},"end":{"line":97,"column":73}},"38":{"start":{"line":100,"column":2},"end":{"line":100,"column":30}},"39":{"start":{"line":101,"column":2},"end":{"line":101,"column":27}},"40":{"start":{"line":103,"column":2},"end":{"line":106,"column":5}}},"fnMap":{"0":{"name":"(anonymous_0)","decl":{"start":{"line":7,"column":39},"end":{"line":7,"column":40}},"loc":{"start":{"line":7,"column":65},"end":{"line":53,"column":1}},"line":7},"1":{"name":"(anonymous_1)","decl":{"start":{"line":55,"column":46},"end":{"line":55,"column":47}},"loc":{"start":{"line":55,"column":72},"end":{"line":61,"column":1}},"line":55},"2":{"name":"(anonymous_2)","decl":{"start":{"line":63,"column":45},"end":{"line":63,"column":46}},"loc":{"start":{"line":63,"column":71},"end":{"line":79,"column":1}},"line":63},"3":{"name":"(anonymous_3)","decl":{"start":{"line":81,"column":52},"end":{"line":81,"column":53}},"loc":{"start":{"line":81,"column":78},"end":{"line":107,"column":1}},"line":81}},"branchMap":{"0":{"loc":{"start":{"line":13,"column":2},"end":{"line":15,"column":3}},"type":"if","locations":[{"start":{"line":13,"column":2},"end":{"line":15,"column":3}},{"start":{},"end":{}}],"line":13},"1":{"loc":{"start":{"line":17,"column":2},"end":{"line":19,"column":3}},"type":"if","locations":[{"start":{"line":17,"column":2},"end":{"line":19,"column":3}},{"start":{},"end":{}}],"line":17},"2":{"loc":{"start":{"line":21,"column":2},"end":{"line":23,"column":3}},"type":"if","locations":[{"start":{"line":21,"column":2},"end":{"line":23,"column":3}},{"start":{},"end":{}}],"line":21},"3":{"loc":{"start":{"line":30,"column":2},"end":{"line":32,"column":3}},"type":"if","locations":[{"start":{"line":30,"column":2},"end":{"line":32,"column":3}},{"start":{},"end":{}}],"line":30},"4":{"loc":{"start":{"line":39,"column":2},"end":{"line":41,"column":3}},"type":"if","locations":[{"start":{"line":39,"column":2},"end":{"line":41,"column":3}},{"start":{},"end":{}}],"line":39},"5":{"loc":{"start":{"line":66,"column":2},"end":{"line":68,"column":3}},"type":"if","locations":[{"start":{"line":66,"column":2},"end":{"line":68,"column":3}},{"start":{},"end":{}}],"line":66},"6":{"loc":{"start":{"line":70,"column":2},"end":{"line":72,"column":3}},"type":"if","locations":[{"start":{"line":70,"column":2},"end":{"line":72,"column":3}},{"start":{},"end":{}}],"line":70},"7":{"loc":{"start":{"line":84,"column":2},"end":{"line":86,"column":3}},"type":"if","locations":[{"start":{"line":84,"column":2},"end":{"line":86,"column":3}},{"start":{},"end":{}}],"line":84},"8":{"loc":{"start":{"line":92,"column":2},"end":{"line":94,"column":3}},"type":"if","locations":[{"start":{"line":92,"column":2},"end":{"line":94,"column":3}},{"start":{},"end":{}}],"line":92},"9":{"loc":{"start":{"line":96,"column":2},"end":{"line":98,"column":3}},"type":"if","locations":[{"start":{"line":96,"column":2},"end":{"line":98,"column":3}},{"start":{},"end":{}}],"line":96}},"s":{"0":2,"1":0,"2":0,"3":0,"4":0,"5":0,"6":0,"7":0,"8":0,"9":0,"10":0,"11":0,"12":0,"13":0,"14":0,"15":0,"16":0,"17":0,"18":2,"19":0,"20":0,"21":2,"22":0,"23":0,"24":0,"25":0,"26":0,"27":0,"28":0,"29":2,"30":0,"31":0,"32":0,"33":0,"34":0,"35":0,"36":0,"37":0,"38":0,"39":0,"40":0},"f":{"0":0,"1":0,"2":0,"3":0},"b":{"0":[0,0],"1":[0,0],"2":[0,0],"3":[0,0],"4":[0,0],"5":[0,0],"6":[0,0],"7":[0,0],"8":[0,0],"9":[0,0]},"_coverageSchema":"1a1c01bbd47fc00a2c39e90264f33305004495a9","hash":"907c10b0269751e7cdc18dc11fe87efe60f51b7e"}
,"C:\\Users\\Vaibhav\\Desktop\\My Projects\\hirenest\\backend\\controllers\\authController.js": {"path":"C:\\Users\\Vaibhav\\Desktop\\My Projects\\hirenest\\backend\\controllers\\authController.js","statementMap":{"0":{"start":{"line":6,"column":28},"end":{"line":32,"column":2}},"1":{"start":{"line":7,"column":49},"end":{"line":7,"column":57}},"2":{"start":{"line":9,"column":21},"end":{"line":9,"column":50}},"3":{"start":{"line":11,"column":2},"end":{"line":13,"column":3}},"4":{"start":{"line":12,"column":4},"end":{"line":12,"column":51}},"5":{"start":{"line":15,"column":15},"end":{"line":21,"column":4}},"6":{"start":{"line":23,"column":16},"end":{"line":23,"column":39}},"7":{"start":{"line":25,"column":2},"end":{"line":31,"column":5}},"8":{"start":{"line":34,"column":25},"end":{"line":52,"column":2}},"9":{"start":{"line":35,"column":30},"end":{"line":35,"column":38}},"10":{"start":{"line":37,"column":15},"end":{"line":37,"column":44}},"11":{"start":{"line":39,"column":2},"end":{"line":41,"column":3}},"12":{"start":{"line":40,"column":4},"end":{"line":40,"column":57}},"13":{"start":{"line":43,"column":16},"end":{"line":43,"column":39}},"14":{"start":{"line":45,"column":2},"end":{"line":51,"column":5}}},"fnMap":{"0":{"name":"(anonymous_0)","decl":{"start":{"line":6,"column":41},"end":{"line":6,"column":42}},"loc":{"start":{"line":6,"column":67},"end":{"line":32,"column":1}},"line":6},"1":{"name":"(anonymous_1)","decl":{"start":{"line":34,"column":38},"end":{"line":34,"column":39}},"loc":{"start":{"line":34,"column":64},"end":{"line":52,"column":1}},"line":34}},"branchMap":{"0":{"loc":{"start":{"line":11,"column":2},"end":{"line":13,"column":3}},"type":"if","locations":[{"start":{"line":11,"column":2},"end":{"line":13,"column":3}},{"start":{},"end":{}}],"line":11},"1":{"loc":{"start":{"line":39,"column":2},"end":{"line":41,"column":3}},"type":"if","locations":[{"start":{"line":39,"column":2},"end":{"line":41,"column":3}},{"start":{},"end":{}}],"line":39},"2":{"loc":{"start":{"line":39,"column":6},"end":{"line":39,"column":54}},"type":"binary-expr","locations":[{"start":{"line":39,"column":6},"end":{"line":39,"column":11}},{"start":{"line":39,"column":15},"end":{"line":39,"column":54}}],"line":39}},"s":{"0":2,"1":3,"2":3,"3":3,"4":1,"5":2,"6":2,"7":2,"8":2,"9":3,"10":3,"11":3,"12":3,"13":0,"14":0},"f":{"0":3,"1":3},"b":{"0":[1,2],"1":[3,0],"2":[3,1]},"_coverageSchema":"1a1c01bbd47fc00a2c39e90264f33305004495a9","hash":"93d8aec3729b1045800f173bde27e3023c6ed8b3"}
,"C:\\Users\\Vaibhav\\Desktop\\My Projects\\hirenest\\backend\\controllers\\companyController.js": {"path":"C:\\Users\\Vaibhav\\Desktop\\My Projects\\hirenest\\backend\\controllers\\companyController.js","statementMap":{"0":{"start":{"line":8,"column":31},"end":{"line":29,"column":2}},"1":{"start":{"line":9,"column":64},"end":{"line":9,"column":72}},"2":{"start":{"line":13,"column":24},"end":{"line":13,"column":75}},"3":{"start":{"line":15,"column":2},"end":{"line":17,"column":3}},"4":{"start":{"line":16,"column":4},"end":{"line":16,"column":73}},"5":{"start":{"line":19,"column":18},"end":{"line":26,"column":4}},"6":{"start":{"line":28,"column":2},"end":{"line":28,"column":32}},"7":{"start":{"line":34,"column":28},"end":{"line":42,"column":2}},"8":{"start":{"line":35,"column":18},"end":{"line":35,"column":69}},"9":{"start":{"line":37,"column":2},"end":{"line":39,"column":3}},"10":{"start":{"line":38,"column":4},"end":{"line":38,"column":56}},"11":{"start":{"line":41,"column":2},"end":{"line":41,"column":20}},"12":{"start":{"line":47,"column":29},"end":{"line":65,"column":2}},"13":{"start":{"line":48,"column":64},"end":{"line":48,"column":72}},"14":{"start":{"line":50,"column":16},"end":{"line":50,"column":67}},"15":{"start":{"line":52,"column":2},"end":{"line":54,"column":3}},"16":{"start":{"line":53,"column":4},"end":{"line":53,"column":56}},"17":{"start":{"line":56,"column":2},"end":{"line":56,"column":59}},"18":{"start":{"line":57,"column":2},"end":{"line":57,"column":59}},"19":{"start":{"line":58,"column":2},"end":{"line":58,"column":47}},"20":{"start":{"line":59,"column":2},"end":{"line":59,"column":38}},"21":{"start":{"line":60,"column":2},"end":{"line":60,"column":50}},"22":{"start":{"line":62,"column":25},"end":{"line":62,"column":45}},"23":{"start":{"line":64,"column":2},"end":{"line":64,"column":27}}},"fnMap":{"0":{"name":"(anonymous_0)","decl":{"start":{"line":8,"column":44},"end":{"line":8,"column":45}},"loc":{"start":{"line":8,"column":70},"end":{"line":29,"column":1}},"line":8},"1":{"name":"(anonymous_1)","decl":{"start":{"line":34,"column":41},"end":{"line":34,"column":42}},"loc":{"start":{"line":34,"column":67},"end":{"line":42,"column":1}},"line":34},"2":{"name":"(anonymous_2)","decl":{"start":{"line":47,"column":42},"end":{"line":47,"column":43}},"loc":{"start":{"line":47,"column":68},"end":{"line":65,"column":1}},"line":47}},"branchMap":{"0":{"loc":{"start":{"line":15,"column":2},"end":{"line":17,"column":3}},"type":"if","locations":[{"start":{"line":15,"column":2},"end":{"line":17,"column":3}},{"start":{},"end":{}}],"line":15},"1":{"loc":{"start":{"line":37,"column":2},"end":{"line":39,"column":3}},"type":"if","locations":[{"start":{"line":37,"column":2},"end":{"line":39,"column":3}},{"start":{},"end":{}}],"line":37},"2":{"loc":{"start":{"line":52,"column":2},"end":{"line":54,"column":3}},"type":"if","locations":[{"start":{"line":52,"column":2},"end":{"line":54,"column":3}},{"start":{},"end":{}}],"line":52},"3":{"loc":{"start":{"line":56,"column":24},"end":{"line":56,"column":58}},"type":"binary-expr","locations":[{"start":{"line":56,"column":24},"end":{"line":56,"column":35}},{"start":{"line":56,"column":39},"end":{"line":56,"column":58}}],"line":56},"4":{"loc":{"start":{"line":57,"column":24},"end":{"line":57,"column":58}},"type":"binary-expr","locations":[{"start":{"line":57,"column":24},"end":{"line":57,"column":35}},{"start":{"line":57,"column":39},"end":{"line":57,"column":58}}],"line":57},"5":{"loc":{"start":{"line":58,"column":20},"end":{"line":58,"column":46}},"type":"binary-expr","locations":[{"start":{"line":58,"column":20},"end":{"line":58,"column":27}},{"start":{"line":58,"column":31},"end":{"line":58,"column":46}}],"line":58},"6":{"loc":{"start":{"line":59,"column":17},"end":{"line":59,"column":37}},"type":"binary-expr","locations":[{"start":{"line":59,"column":17},"end":{"line":59,"column":21}},{"start":{"line":59,"column":25},"end":{"line":59,"column":37}}],"line":59},"7":{"loc":{"start":{"line":60,"column":21},"end":{"line":60,"column":49}},"type":"binary-expr","locations":[{"start":{"line":60,"column":21},"end":{"line":60,"column":29}},{"start":{"line":60,"column":33},"end":{"line":60,"column":49}}],"line":60}},"s":{"0":2,"1":0,"2":0,"3":0,"4":0,"5":0,"6":0,"7":2,"8":0,"9":0,"10":0,"11":0,"12":2,"13":0,"14":0,"15":0,"16":0,"17":0,"18":0,"19":0,"20":0,"21":0,"22":0,"23":0},"f":{"0":0,"1":0,"2":0},"b":{"0":[0,0],"1":[0,0],"2":[0,0],"3":[0,0],"4":[0,0],"5":[0,0],"6":[0,0],"7":[0,0]},"_coverageSchema":"1a1c01bbd47fc00a2c39e90264f33305004495a9","hash":"002ca711591e6bd2a4005fc2daa5917b3794dccf"}
,"C:\\Users\\Vaibhav\\Desktop\\My Projects\\hirenest\\backend\\controllers\\jobController.js": {"path":"C:\\Users\\Vaibhav\\Desktop\\My Projects\\hirenest\\backend\\controllers\\jobController.js","statementMap":{"0":{"start":{"line":10,"column":25},"end":{"line":33,"column":2}},"1":{"start":{"line":12,"column":4},"end":{"line":12,"column":12}},"2":{"start":{"line":14,"column":18},"end":{"line":14,"column":69}},"3":{"start":{"line":16,"column":2},"end":{"line":18,"column":3}},"4":{"start":{"line":17,"column":4},"end":{"line":17,"column":69}},"5":{"start":{"line":20,"column":14},"end":{"line":30,"column":4}},"6":{"start":{"line":32,"column":2},"end":{"line":32,"column":28}},"7":{"start":{"line":38,"column":26},"end":{"line":70,"column":2}},"8":{"start":{"line":39,"column":63},"end":{"line":39,"column":72}},"9":{"start":{"line":41,"column":16},"end":{"line":41,"column":36}},"10":{"start":{"line":43,"column":2},"end":{"line":45,"column":3}},"11":{"start":{"line":44,"column":4},"end":{"line":44,"column":39}},"12":{"start":{"line":46,"column":2},"end":{"line":48,"column":3}},"13":{"start":{"line":47,"column":4},"end":{"line":47,"column":57}},"14":{"start":{"line":49,"column":2},"end":{"line":51,"column":3}},"15":{"start":{"line":50,"column":4},"end":{"line":50,"column":28}},"16":{"start":{"line":53,"column":15},"end":{"line":53,"column":33}},"17":{"start":{"line":55,"column":15},"end":{"line":60,"column":23}},"18":{"start":{"line":62,"column":16},"end":{"line":62,"column":47}},"19":{"start":{"line":64,"column":2},"end":{"line":69,"column":5}},"20":{"start":{"line":75,"column":26},"end":{"line":85,"column":2}},"21":{"start":{"line":76,"column":14},"end":{"line":78,"column":41}},"22":{"start":{"line":80,"column":2},"end":{"line":82,"column":3}},"23":{"start":{"line":81,"column":4},"end":{"line":81,"column":45}},"24":{"start":{"line":84,"column":2},"end":{"line":84,"column":16}},"25":{"start":{"line":90,"column":25},"end":{"line":111,"column":2}},"26":{"start":{"line":91,"column":14},"end":{"line":91,"column":47}},"27":{"start":{"line":93,"column":2},"end":{"line":95,"column":3}},"28":{"start":{"line":94,"column":4},"end":{"line":94,"column":45}},"29":{"start":{"line":97,"column":2},"end":{"line":99,"column":3}},"30":{"start":{"line":98,"column":4},"end":{"line":98,"column":65}},"31":{"start":{"line":101,"column":2},"end":{"line":103,"column":3}},"32":{"start":{"line":102,"column":4},"end":{"line":102,"column":58}},"33":{"start":{"line":105,"column":21},"end":{"line":108,"column":4}},"34":{"start":{"line":110,"column":2},"end":{"line":110,"column":23}},"35":{"start":{"line":116,"column":25},"end":{"line":131,"column":2}},"36":{"start":{"line":117,"column":14},"end":{"line":117,"column":47}},"37":{"start":{"line":119,"column":2},"end":{"line":121,"column":3}},"38":{"start":{"line":120,"column":4},"end":{"line":120,"column":45}},"39":{"start":{"line":123,"column":2},"end":{"line":125,"column":3}},"40":{"start":{"line":124,"column":4},"end":{"line":124,"column":65}},"41":{"start":{"line":127,"column":2},"end":{"line":127,"column":24}},"42":{"start":{"line":128,"column":2},"end":{"line":128,"column":19}},"43":{"start":{"line":130,"column":2},"end":{"line":130,"column":52}},"44":{"start":{"line":136,"column":24},"end":{"line":155,"column":2}},"45":{"start":{"line":137,"column":14},"end":{"line":137,"column":47}},"46":{"start":{"line":139,"column":2},"end":{"line":141,"column":3}},"47":{"start":{"line":140,"column":4},"end":{"line":140,"column":45}},"48":{"start":{"line":143,"column":2},"end":{"line":145,"column":3}},"49":{"start":{"line":144,"column":4},"end":{"line":144,"column":64}},"50":{"start":{"line":147,"column":2},"end":{"line":149,"column":3}},"51":{"start":{"line":148,"column":4},"end":{"line":148,"column":53}},"52":{"start":{"line":151,"column":2},"end":{"line":151,"column":24}},"53":{"start":{"line":152,"column":2},"end":{"line":152,"column":19}},"54":{"start":{"line":154,"column":2},"end":{"line":154,"column":56}},"55":{"start":{"line":160,"column":25},"end":{"line":196,"column":2}},"56":{"start":{"line":161,"column":15},"end":{"line":188,"column":4}},"57":{"start":{"line":190,"column":2},"end":{"line":193,"column":5}},"58":{"start":{"line":195,"column":2},"end":{"line":195,"column":17}},"59":{"start":{"line":201,"column":32},"end":{"line":228,"column":2}},"60":{"start":{"line":202,"column":20},"end":{"line":202,"column":74}},"61":{"start":{"line":203,"column":21},"end":{"line":206,"column":4}},"62":{"start":{"line":209,"column":15},"end":{"line":209,"column":73}},"63":{"start":{"line":210,"column":17},"end":{"line":210,"column":43}},"64":{"start":{"line":210,"column":35},"end":{"line":210,"column":42}},"65":{"start":{"line":213,"column":28},"end":{"line":215,"column":4}},"66":{"start":{"line":217,"column":30},"end":{"line":220,"column":4}},"67":{"start":{"line":222,"column":2},"end":{"line":227,"column":5}}},"fnMap":{"0":{"name":"(anonymous_0)","decl":{"start":{"line":10,"column":38},"end":{"line":10,"column":39}},"loc":{"start":{"line":10,"column":64},"end":{"line":33,"column":1}},"line":10},"1":{"name":"(anonymous_1)","decl":{"start":{"line":38,"column":39},"end":{"line":38,"column":40}},"loc":{"start":{"line":38,"column":65},"end":{"line":70,"column":1}},"line":38},"2":{"name":"(anonymous_2)","decl":{"start":{"line":75,"column":39},"end":{"line":75,"column":40}},"loc":{"start":{"line":75,"column":65},"end":{"line":85,"column":1}},"line":75},"3":{"name":"(anonymous_3)","decl":{"start":{"line":90,"column":38},"end":{"line":90,"column":39}},"loc":{"start":{"line":90,"column":64},"end":{"line":111,"column":1}},"line":90},"4":{"name":"(anonymous_4)","decl":{"start":{"line":116,"column":38},"end":{"line":116,"column":39}},"loc":{"start":{"line":116,"column":64},"end":{"line":131,"column":1}},"line":116},"5":{"name":"(anonymous_5)","decl":{"start":{"line":136,"column":37},"end":{"line":136,"column":38}},"loc":{"start":{"line":136,"column":63},"end":{"line":155,"column":1}},"line":136},"6":{"name":"(anonymous_6)","decl":{"start":{"line":160,"column":38},"end":{"line":160,"column":39}},"loc":{"start":{"line":160,"column":64},"end":{"line":196,"column":1}},"line":160},"7":{"name":"(anonymous_7)","decl":{"start":{"line":201,"column":45},"end":{"line":201,"column":46}},"loc":{"start":{"line":201,"column":71},"end":{"line":228,"column":1}},"line":201},"8":{"name":"(anonymous_8)","decl":{"start":{"line":210,"column":26},"end":{"line":210,"column":27}},"loc":{"start":{"line":210,"column":35},"end":{"line":210,"column":42}},"line":210}},"branchMap":{"0":{"loc":{"start":{"line":16,"column":2},"end":{"line":18,"column":3}},"type":"if","locations":[{"start":{"line":16,"column":2},"end":{"line":18,"column":3}},{"start":{},"end":{}}],"line":16},"1":{"loc":{"start":{"line":39,"column":38},"end":{"line":39,"column":46}},"type":"default-arg","locations":[{"start":{"line":39,"column":45},"end":{"line":39,"column":46}}],"line":39},"2":{"loc":{"start":{"line":39,"column":48},"end":{"line":39,"column":58}},"type":"default-arg","locations":[{"start":{"line":39,"column":56},"end":{"line":39,"column":58}}],"line":39},"3":{"loc":{"start":{"line":43,"column":2},"end":{"line":45,"column":3}},"type":"if","locations":[{"start":{"line":43,"column":2},"end":{"line":45,"column":3}},{"start":{},"end":{}}],"line":43},"4":{"loc":{"start":{"line":46,"column":2},"end":{"line":48,"column":3}},"type":"if","locations":[{"start":{"line":46,"column":2},"end":{"line":48,"column":3}},{"start":{},"end":{}}],"line":46},"5":{"loc":{"start":{"line":49,"column":2},"end":{"line":51,"column":3}},"type":"if","locations":[{"start":{"line":49,"column":2},"end":{"line":51,"column":3}},{"start":{},"end":{}}],"line":49},"6":{"loc":{"start":{"line":80,"column":2},"end":{"line":82,"column":3}},"type":"if","locations":[{"start":{"line":80,"column":2},"end":{"line":82,"column":3}},{"start":{},"end":{}}],"line":80},"7":{"loc":{"start":{"line":93,"column":2},"end":{"line":95,"column":3}},"type":"if","locations":[{"start":{"line":93,"column":2},"end":{"line":95,"column":3}},{"start":{},"end":{}}],"line":93},"8":{"loc":{"start":{"line":97,"column":2},"end":{"line":99,"column":3}},"type":"if","locations":[{"start":{"line":97,"column":2},"end":{"line":99,"column":3}},{"start":{},"end":{}}],"line":97},"9":{"loc":{"start":{"line":101,"column":2},"end":{"line":103,"column":3}},"type":"if","locations":[{"start":{"line":101,"column":2},"end":{"line":103,"column":3}},{"start":{},"end":{}}],"line":101},"10":{"loc":{"start":{"line":119,"column":2},"end":{"line":121,"column":3}},"type":"if","locations":[{"start":{"line":119,"column":2},"end":{"line":121,"column":3}},{"start":{},"end":{}}],"line":119},"11":{"loc":{"start":{"line":123,"column":2},"end":{"line":125,"column":3}},"type":"if","locations":[{"start":{"line":123,"column":2},"end":{"line":125,"column":3}},{"start":{},"end":{}}],"line":123},"12":{"loc":{"start":{"line":139,"column":2},"end":{"line":141,"column":3}},"type":"if","locations":[{"start":{"line":139,"column":2},"end":{"line":141,"column":3}},{"start":{},"end":{}}],"line":139},"13":{"loc":{"start":{"line":143,"column":2},"end":{"line":145,"column":3}},"type":"if","locations":[{"start":{"line":143,"column":2},"end":{"line":145,"column":3}},{"start":{},"end":{}}],"line":143},"14":{"loc":{"start":{"line":147,"column":2},"end":{"line":149,"column":3}},"type":"if","locations":[{"start":{"line":147,"column":2},"end":{"line":149,"column":3}},{"start":{},"end":{}}],"line":147}},"s":{"0":2,"1":1,"2":1,"3":1,"4":0,"5":1,"6":1,"7":2,"8":3,"9":3,"10":3,"11":0,"12":3,"13":1,"14":3,"15":1,"16":3,"17":3,"18":3,"19":3,"20":2,"21":2,"22":2,"23":1,"24":1,"25":2,"26":2,"27":2,"28":1,"29":1,"30":0,"31":1,"32":0,"33":1,"34":1,"35":2,"36":2,"37":2,"38":1,"39":1,"40":0,"41":1,"42":1,"43":1,"44":2,"45":2,"46":2,"47":0,"48":2,"49":0,"50":2,"51":1,"52":1,"53":1,"54":1,"55":2,"56":0,"57":0,"58":0,"59":2,"60":0,"61":0,"62":0,"63":0,"64":0,"65":0,"66":0,"67":0},"f":{"0":1,"1":3,"2":2,"3":2,"4":2,"5":2,"6":0,"7":0,"8":0},"b":{"0":[0,1],"1":[3],"2":[3],"3":[0,3],"4":[1,2],"5":[1,2],"6":[1,1],"7":[1,1],"8":[0,1],"9":[0,1],"10":[1,1],"11":[0,1],"12":[0,2],"13":[0,2],"14":[1,1]},"_coverageSchema":"1a1c01bbd47fc00a2c39e90264f33305004495a9","hash":"958548dc5237fad9e218fbaaf044d1cdbdf6f932"}
,"C:\\Users\\Vaibhav\\Desktop\\My Projects\\hirenest\\backend\\controllers\\resumeController.js": {"path":"C:\\Users\\Vaibhav\\Desktop\\My Projects\\hirenest\\backend\\controllers\\resumeController.js","statementMap":{"0":{"start":{"line":9,"column":32},"end":{"line":31,"column":2}},"1":{"start":{"line":10,"column":2},"end":{"line":12,"column":3}},"2":{"start":{"line":11,"column":4},"end":{"line":11,"column":56}},"3":{"start":{"line":16,"column":2},"end":{"line":16,"column":73}},"4":{"start":{"line":18,"column":17},"end":{"line":25,"column":4}},"5":{"start":{"line":27,"column":2},"end":{"line":30,"column":5}},"6":{"start":{"line":36,"column":28},"end":{"line":41,"column":2}},"7":{"start":{"line":37,"column":18},"end":{"line":39,"column":3}},"8":{"start":{"line":40,"column":2},"end":{"line":40,"column":20}},"9":{"start":{"line":46,"column":28},"end":{"line":75,"column":2}},"10":{"start":{"line":47,"column":17},"end":{"line":50,"column":4}},"11":{"start":{"line":52,"column":2},"end":{"line":54,"column":3}},"12":{"start":{"line":53,"column":4},"end":{"line":53,"column":48}},"13":{"start":{"line":57,"column":2},"end":{"line":69,"column":3}},"14":{"start":{"line":59,"column":25},"end":{"line":59,"column":75}},"15":{"start":{"line":61,"column":4},"end":{"line":68,"column":5}},"16":{"start":{"line":62,"column":6},"end":{"line":64,"column":9}},"17":{"start":{"line":66,"column":6},"end":{"line":66,"column":55}},"18":{"start":{"line":72,"column":2},"end":{"line":72,"column":27}},"19":{"start":{"line":74,"column":2},"end":{"line":74,"column":55}},"20":{"start":{"line":80,"column":31},"end":{"line":98,"column":2}},"21":{"start":{"line":81,"column":17},"end":{"line":84,"column":4}},"22":{"start":{"line":86,"column":2},"end":{"line":88,"column":3}},"23":{"start":{"line":87,"column":4},"end":{"line":87,"column":48}},"24":{"start":{"line":91,"column":2},"end":{"line":91,"column":73}},"25":{"start":{"line":94,"column":2},"end":{"line":94,"column":25}},"26":{"start":{"line":95,"column":2},"end":{"line":95,"column":22}},"27":{"start":{"line":97,"column":2},"end":{"line":97,"column":65}}},"fnMap":{"0":{"name":"(anonymous_0)","decl":{"start":{"line":9,"column":45},"end":{"line":9,"column":46}},"loc":{"start":{"line":9,"column":71},"end":{"line":31,"column":1}},"line":9},"1":{"name":"(anonymous_1)","decl":{"start":{"line":36,"column":41},"end":{"line":36,"column":42}},"loc":{"start":{"line":36,"column":67},"end":{"line":41,"column":1}},"line":36},"2":{"name":"(anonymous_2)","decl":{"start":{"line":46,"column":41},"end":{"line":46,"column":42}},"loc":{"start":{"line":46,"column":67},"end":{"line":75,"column":1}},"line":46},"3":{"name":"(anonymous_3)","decl":{"start":{"line":80,"column":44},"end":{"line":80,"column":45}},"loc":{"start":{"line":80,"column":70},"end":{"line":98,"column":1}},"line":80}},"branchMap":{"0":{"loc":{"start":{"line":10,"column":2},"end":{"line":12,"column":3}},"type":"if","locations":[{"start":{"line":10,"column":2},"end":{"line":12,"column":3}},{"start":{},"end":{}}],"line":10},"1":{"loc":{"start":{"line":52,"column":2},"end":{"line":54,"column":3}},"type":"if","locations":[{"start":{"line":52,"column":2},"end":{"line":54,"column":3}},{"start":{},"end":{}}],"line":52},"2":{"loc":{"start":{"line":57,"column":2},"end":{"line":69,"column":3}},"type":"if","locations":[{"start":{"line":57,"column":2},"end":{"line":69,"column":3}},{"start":{},"end":{}}],"line":57},"3":{"loc":{"start":{"line":59,"column":25},"end":{"line":59,"column":75}},"type":"cond-expr","locations":[{"start":{"line":59,"column":60},"end":{"line":59,"column":65}},{"start":{"line":59,"column":68},"end":{"line":59,"column":75}}],"line":59},"4":{"loc":{"start":{"line":86,"column":2},"end":{"line":88,"column":3}},"type":"if","locations":[{"start":{"line":86,"column":2},"end":{"line":88,"column":3}},{"start":{},"end":{}}],"line":86}},"s":{"0":2,"1":0,"2":0,"3":0,"4":0,"5":0,"6":2,"7":0,"8":0,"9":2,"10":0,"11":0,"12":0,"13":0,"14":0,"15":0,"16":0,"17":0,"18":0,"19":0,"20":2,"21":0,"22":0,"23":0,"24":0,"25":0,"26":0,"27":0},"f":{"0":0,"1":0,"2":0,"3":0},"b":{"0":[0,0],"1":[0,0],"2":[0,0],"3":[0,0],"4":[0,0]},"_coverageSchema":"1a1c01bbd47fc00a2c39e90264f33305004495a9","hash":"8a5855c206fcb9a046fcc53146b79b8ac07ad19d"}
,"C:\\Users\\Vaibhav\\Desktop\\My Projects\\hirenest\\backend\\controllers\\savedJobController.js": {"path":"C:\\Users\\Vaibhav\\Desktop\\My Projects\\hirenest\\backend\\controllers\\savedJobController.js","statementMap":{"0":{"start":{"line":9,"column":23},"end":{"line":30,"column":2}},"1":{"start":{"line":10,"column":16},"end":{"line":10,"column":29}},"2":{"start":{"line":11,"column":14},"end":{"line":11,"column":39}},"3":{"start":{"line":13,"column":2},"end":{"line":15,"column":3}},"4":{"start":{"line":14,"column":4},"end":{"line":14,"column":45}},"5":{"start":{"line":17,"column":23},"end":{"line":20,"column":4}},"6":{"start":{"line":22,"column":2},"end":{"line":24,"column":3}},"7":{"start":{"line":23,"column":4},"end":{"line":23,"column":49}},"8":{"start":{"line":26,"column":19},"end":{"line":26,"column":73}},"9":{"start":{"line":27,"column":2},"end":{"line":27,"column":35}},"10":{"start":{"line":29,"column":2},"end":{"line":29,"column":33}},"11":{"start":{"line":35,"column":28},"end":{"line":41,"column":2}},"12":{"start":{"line":36,"column":20},"end":{"line":38,"column":21}},"13":{"start":{"line":40,"column":2},"end":{"line":40,"column":22}},"14":{"start":{"line":46,"column":25},"end":{"line":61,"column":2}},"15":{"start":{"line":47,"column":16},"end":{"line":47,"column":29}},"16":{"start":{"line":49,"column":19},"end":{"line":52,"column":4}},"17":{"start":{"line":54,"column":2},"end":{"line":56,"column":3}},"18":{"start":{"line":55,"column":4},"end":{"line":55,"column":51}},"19":{"start":{"line":58,"column":2},"end":{"line":58,"column":29}},"20":{"start":{"line":60,"column":2},"end":{"line":60,"column":52}}},"fnMap":{"0":{"name":"(anonymous_0)","decl":{"start":{"line":9,"column":36},"end":{"line":9,"column":37}},"loc":{"start":{"line":9,"column":62},"end":{"line":30,"column":1}},"line":9},"1":{"name":"(anonymous_1)","decl":{"start":{"line":35,"column":41},"end":{"line":35,"column":42}},"loc":{"start":{"line":35,"column":67},"end":{"line":41,"column":1}},"line":35},"2":{"name":"(anonymous_2)","decl":{"start":{"line":46,"column":38},"end":{"line":46,"column":39}},"loc":{"start":{"line":46,"column":64},"end":{"line":61,"column":1}},"line":46}},"branchMap":{"0":{"loc":{"start":{"line":13,"column":2},"end":{"line":15,"column":3}},"type":"if","locations":[{"start":{"line":13,"column":2},"end":{"line":15,"column":3}},{"start":{},"end":{}}],"line":13},"1":{"loc":{"start":{"line":22,"column":2},"end":{"line":24,"column":3}},"type":"if","locations":[{"start":{"line":22,"column":2},"end":{"line":24,"column":3}},{"start":{},"end":{}}],"line":22},"2":{"loc":{"start":{"line":54,"column":2},"end":{"line":56,"column":3}},"type":"if","locations":[{"start":{"line":54,"column":2},"end":{"line":56,"column":3}},{"start":{},"end":{}}],"line":54}},"s":{"0":2,"1":0,"2":0,"3":0,"4":0,"5":0,"6":0,"7":0,"8":0,"9":0,"10":0,"11":2,"12":0,"13":0,"14":2,"15":0,"16":0,"17":0,"18":0,"19":0,"20":0},"f":{"0":0,"1":0,"2":0},"b":{"0":[0,0],"1":[0,0],"2":[0,0]},"_coverageSchema":"1a1c01bbd47fc00a2c39e90264f33305004495a9","hash":"7f80ab6ac4d8b53dd0791b7a155a32572c6d73a1"}
,"C:\\Users\\Vaibhav\\Desktop\\My Projects\\hirenest\\backend\\middleware\\authMiddleware.js": {"path":"C:\\Users\\Vaibhav\\Desktop\\My Projects\\hirenest\\backend\\middleware\\authMiddleware.js","statementMap":{"0":{"start":{"line":4,"column":23},"end":{"line":33,"column":1}},"1":{"start":{"line":7,"column":2},"end":{"line":28,"column":3}},"2":{"start":{"line":11,"column":4},"end":{"line":27,"column":5}},"3":{"start":{"line":12,"column":6},"end":{"line":12,"column":54}},"4":{"start":{"line":13,"column":22},"end":{"line":13,"column":63}},"5":{"start":{"line":15,"column":6},"end":{"line":15,"column":69}},"6":{"start":{"line":18,"column":6},"end":{"line":22,"column":7}},"7":{"start":{"line":19,"column":8},"end":{"line":21,"column":11}},"8":{"start":{"line":24,"column":6},"end":{"line":24,"column":13}},"9":{"start":{"line":26,"column":6},"end":{"line":26,"column":79}},"10":{"start":{"line":30,"column":2},"end":{"line":32,"column":3}},"11":{"start":{"line":31,"column":4},"end":{"line":31,"column":73}},"12":{"start":{"line":35,"column":26},"end":{"line":44,"column":1}},"13":{"start":{"line":36,"column":2},"end":{"line":43,"column":4}},"14":{"start":{"line":37,"column":4},"end":{"line":41,"column":5}},"15":{"start":{"line":38,"column":6},"end":{"line":40,"column":9}},"16":{"start":{"line":42,"column":4},"end":{"line":42,"column":11}}},"fnMap":{"0":{"name":"(anonymous_0)","decl":{"start":{"line":4,"column":23},"end":{"line":4,"column":24}},"loc":{"start":{"line":4,"column":49},"end":{"line":33,"column":1}},"line":4},"1":{"name":"(anonymous_1)","decl":{"start":{"line":35,"column":26},"end":{"line":35,"column":27}},"loc":{"start":{"line":35,"column":40},"end":{"line":44,"column":1}},"line":35},"2":{"name":"(anonymous_2)","decl":{"start":{"line":36,"column":9},"end":{"line":36,"column":10}},"loc":{"start":{"line":36,"column":29},"end":{"line":43,"column":3}},"line":36}},"branchMap":{"0":{"loc":{"start":{"line":7,"column":2},"end":{"line":28,"column":3}},"type":"if","locations":[{"start":{"line":7,"column":2},"end":{"line":28,"column":3}},{"start":{},"end":{}}],"line":7},"1":{"loc":{"start":{"line":8,"column":4},"end":{"line":9,"column":50}},"type":"binary-expr","locations":[{"start":{"line":8,"column":4},"end":{"line":8,"column":29}},{"start":{"line":9,"column":4},"end":{"line":9,"column":50}}],"line":8},"2":{"loc":{"start":{"line":18,"column":6},"end":{"line":22,"column":7}},"type":"if","locations":[{"start":{"line":18,"column":6},"end":{"line":22,"column":7}},{"start":{},"end":{}}],"line":18},"3":{"loc":{"start":{"line":30,"column":2},"end":{"line":32,"column":3}},"type":"if","locations":[{"start":{"line":30,"column":2},"end":{"line":32,"column":3}},{"start":{},"end":{}}],"line":30},"4":{"loc":{"start":{"line":37,"column":4},"end":{"line":41,"column":5}},"type":"if","locations":[{"start":{"line":37,"column":4},"end":{"line":41,"column":5}},{"start":{},"end":{}}],"line":37}},"s":{"0":2,"1":15,"2":13,"3":13,"4":13,"5":11,"6":11,"7":1,"8":10,"9":2,"10":12,"11":2,"12":2,"13":30,"14":9,"15":1,"16":8},"f":{"0":15,"1":30,"2":9},"b":{"0":[13,2],"1":[15,14],"2":[1,10],"3":[2,10],"4":[1,8]},"_coverageSchema":"1a1c01bbd47fc00a2c39e90264f33305004495a9","hash":"b325972bfebc78c19530a70731eed6b8cb6604ab"}
,"C:\\Users\\Vaibhav\\Desktop\\My Projects\\hirenest\\backend\\middleware\\errorHandler.js": {"path":"C:\\Users\\Vaibhav\\Desktop\\My Projects\\hirenest\\backend\\middleware\\errorHandler.js","statementMap":{"0":{"start":{"line":3,"column":21},"end":{"line":28,"column":1}},"1":{"start":{"line":4,"column":2},"end":{"line":4,"column":41}},"2":{"start":{"line":5,"column":2},"end":{"line":5,"column":37}},"3":{"start":{"line":7,"column":2},"end":{"line":27,"column":3}},"4":{"start":{"line":8,"column":4},"end":{"line":13,"column":7}},"5":{"start":{"line":15,"column":4},"end":{"line":26,"column":5}},"6":{"start":{"line":16,"column":6},"end":{"line":19,"column":9}},"7":{"start":{"line":21,"column":6},"end":{"line":21,"column":34}},"8":{"start":{"line":22,"column":6},"end":{"line":25,"column":9}}},"fnMap":{"0":{"name":"(anonymous_0)","decl":{"start":{"line":3,"column":21},"end":{"line":3,"column":22}},"loc":{"start":{"line":3,"column":46},"end":{"line":28,"column":1}},"line":3}},"branchMap":{"0":{"loc":{"start":{"line":4,"column":19},"end":{"line":4,"column":40}},"type":"binary-expr","locations":[{"start":{"line":4,"column":19},"end":{"line":4,"column":33}},{"start":{"line":4,"column":37},"end":{"line":4,"column":40}}],"line":4},"1":{"loc":{"start":{"line":5,"column":15},"end":{"line":5,"column":36}},"type":"binary-expr","locations":[{"start":{"line":5,"column":15},"end":{"line":5,"column":25}},{"start":{"line":5,"column":29},"end":{"line":5,"column":36}}],"line":5},"2":{"loc":{"start":{"line":7,"column":2},"end":{"line":27,"column":3}},"type":"if","locations":[{"start":{"line":7,"column":2},"end":{"line":27,"column":3}},{"start":{"line":14,"column":9},"end":{"line":27,"column":3}}],"line":7},"3":{"loc":{"start":{"line":15,"column":4},"end":{"line":26,"column":5}},"type":"if","locations":[{"start":{"line":15,"column":4},"end":{"line":26,"column":5}},{"start":{"line":20,"column":11},"end":{"line":26,"column":5}}],"line":15}},"s":{"0":2,"1":8,"2":8,"3":8,"4":0,"5":8,"6":8,"7":0,"8":0},"f":{"0":8},"b":{"0":[8,0],"1":[8,0],"2":[0,8],"3":[8,0]},"_coverageSchema":"1a1c01bbd47fc00a2c39e90264f33305004495a9","hash":"283dbc9dfa05083ca0c0a8036ae72999a314a77e"}
,"C:\\Users\\Vaibhav\\Desktop\\My Projects\\hirenest\\backend\\middleware\\upload.js": {"path":"C:\\Users\\Vaibhav\\Desktop\\My Projects\\hirenest\\backend\\middleware\\upload.js","statementMap":{"0":{"start":{"line":6,"column":22},"end":{"line":19,"column":2}},"1":{"start":{"line":15,"column":27},"end":{"line":15,"column":77}},"2":{"start":{"line":16,"column":6},"end":{"line":16,"column":54}},"3":{"start":{"line":22,"column":20},"end":{"line":33,"column":2}},"4":{"start":{"line":29,"column":27},"end":{"line":29,"column":77}},"5":{"start":{"line":30,"column":6},"end":{"line":30,"column":52}},"6":{"start":{"line":36,"column":25},"end":{"line":42,"column":1}},"7":{"start":{"line":37,"column":2},"end":{"line":41,"column":3}},"8":{"start":{"line":38,"column":4},"end":{"line":38,"column":19}},"9":{"start":{"line":40,"column":4},"end":{"line":40,"column":67}},"10":{"start":{"line":45,"column":23},"end":{"line":51,"column":1}},"11":{"start":{"line":46,"column":2},"end":{"line":50,"column":3}},"12":{"start":{"line":47,"column":4},"end":{"line":47,"column":19}},"13":{"start":{"line":49,"column":4},"end":{"line":49,"column":67}},"14":{"start":{"line":54,"column":28},"end":{"line":60,"column":2}},"15":{"start":{"line":63,"column":26},"end":{"line":69,"column":2}}},"fnMap":{"0":{"name":"(anonymous_0)","decl":{"start":{"line":14,"column":15},"end":{"line":14,"column":16}},"loc":{"start":{"line":14,"column":30},"end":{"line":17,"column":5}},"line":14},"1":{"name":"(anonymous_1)","decl":{"start":{"line":28,"column":15},"end":{"line":28,"column":16}},"loc":{"start":{"line":28,"column":30},"end":{"line":31,"column":5}},"line":28},"2":{"name":"(anonymous_2)","decl":{"start":{"line":36,"column":25},"end":{"line":36,"column":26}},"loc":{"start":{"line":36,"column":44},"end":{"line":42,"column":1}},"line":36},"3":{"name":"(anonymous_3)","decl":{"start":{"line":45,"column":23},"end":{"line":45,"column":24}},"loc":{"start":{"line":45,"column":42},"end":{"line":51,"column":1}},"line":45}},"branchMap":{"0":{"loc":{"start":{"line":37,"column":2},"end":{"line":41,"column":3}},"type":"if","locations":[{"start":{"line":37,"column":2},"end":{"line":41,"column":3}},{"start":{"line":39,"column":9},"end":{"line":41,"column":3}}],"line":37},"1":{"loc":{"start":{"line":46,"column":2},"end":{"line":50,"column":3}},"type":"if","locations":[{"start":{"line":46,"column":2},"end":{"line":50,"column":3}},{"start":{"line":48,"column":9},"end":{"line":50,"column":3}}],"line":46}},"s":{"0":2,"1":0,"2":0,"3":2,"4":0,"5":0,"6":2,"7":0,"8":0,"9":0,"10":2,"11":0,"12":0,"13":0,"14":2,"15":2},"f":{"0":0,"1":0,"2":0,"3":0},"b":{"0":[0,0],"1":[0,0]},"_coverageSchema":"1a1c01bbd47fc00a2c39e90264f33305004495a9","hash":"92667c31191af235678d274d678d10a61dfd0c1b"}
,"C:\\Users\\Vaibhav\\Desktop\\My Projects\\hirenest\\backend\\middleware\\validate.js": {"path":"C:\\Users\\Vaibhav\\Desktop\\My Projects\\hirenest\\backend\\middleware\\validate.js","statementMap":{"0":{"start":{"line":3,"column":17},"end":{"line":19,"column":1}},"1":{"start":{"line":4,"column":17},"end":{"line":4,"column":38}},"2":{"start":{"line":6,"column":2},"end":{"line":16,"column":3}},"3":{"start":{"line":7,"column":28},"end":{"line":10,"column":7}},"4":{"start":{"line":7,"column":57},"end":{"line":10,"column":5}},"5":{"start":{"line":12,"column":4},"end":{"line":15,"column":7}},"6":{"start":{"line":18,"column":2},"end":{"line":18,"column":9}}},"fnMap":{"0":{"name":"(anonymous_0)","decl":{"start":{"line":3,"column":17},"end":{"line":3,"column":18}},"loc":{"start":{"line":3,"column":37},"end":{"line":19,"column":1}},"line":3},"1":{"name":"(anonymous_1)","decl":{"start":{"line":7,"column":47},"end":{"line":7,"column":48}},"loc":{"start":{"line":7,"column":57},"end":{"line":10,"column":5}},"line":7}},"branchMap":{"0":{"loc":{"start":{"line":6,"column":2},"end":{"line":16,"column":3}},"type":"if","locations":[{"start":{"line":6,"column":2},"end":{"line":16,"column":3}},{"start":{},"end":{}}],"line":6}},"s":{"0":2,"1":16,"2":16,"3":7,"4":13,"5":7,"6":9},"f":{"0":16,"1":13},"b":{"0":[7,9]},"_coverageSchema":"1a1c01bbd47fc00a2c39e90264f33305004495a9","hash":"f5ac4a8fb8ec1a52cd9fb2d8439d20911acf809e"}
,"C:\\Users\\Vaibhav\\Desktop\\My Projects\\hirenest\\backend\\middleware\\validators\\applicationValidator.js": {"path":"C:\\Users\\Vaibhav\\Desktop\\My Projects\\hirenest\\backend\\middleware\\validators\\applicationValidator.js","statementMap":{"0":{"start":{"line":4,"column":32},"end":{"line":11,"column":1}},"1":{"start":{"line":14,"column":36},"end":{"line":20,"column":1}}},"fnMap":{},"branchMap":{},"s":{"0":2,"1":2},"f":{},"b":{},"_coverageSchema":"1a1c01bbd47fc00a2c39e90264f33305004495a9","hash":"afd331a35aa98a774e6462d37c78abc8d302896f"}
,"C:\\Users\\Vaibhav\\Desktop\\My Projects\\hirenest\\backend\\middleware\\validators\\authValidator.js": {"path":"C:\\Users\\Vaibhav\\Desktop\\My Projects\\hirenest\\backend\\middleware\\validators\\authValidator.js","statementMap":{"0":{"start":{"line":4,"column":32},"end":{"line":40,"column":1}},"1":{"start":{"line":43,"column":29},"end":{"line":53,"column":1}}},"fnMap":{},"branchMap":{},"s":{"0":2,"1":2},"f":{},"b":{},"_coverageSchema":"1a1c01bbd47fc00a2c39e90264f33305004495a9","hash":"e19f7ce6963a5c888f83f1233ec5465290ab47a0"}
,"C:\\Users\\Vaibhav\\Desktop\\My Projects\\hirenest\\backend\\middleware\\validators\\jobValidator.js": {"path":"C:\\Users\\Vaibhav\\Desktop\\My Projects\\hirenest\\backend\\middleware\\validators\\jobValidator.js","statementMap":{"0":{"start":{"line":4,"column":33},"end":{"line":78,"column":1}},"1":{"start":{"line":43,"column":6},"end":{"line":47,"column":7}},"2":{"start":{"line":44,"column":8},"end":{"line":46,"column":10}},"3":{"start":{"line":48,"column":6},"end":{"line":48,"column":18}},"4":{"start":{"line":71,"column":6},"end":{"line":75,"column":7}},"5":{"start":{"line":72,"column":8},"end":{"line":74,"column":10}},"6":{"start":{"line":76,"column":6},"end":{"line":76,"column":18}},"7":{"start":{"line":81,"column":33},"end":{"line":124,"column":1}}},"fnMap":{"0":{"name":"(anonymous_0)","decl":{"start":{"line":42,"column":12},"end":{"line":42,"column":13}},"loc":{"start":{"line":42,"column":32},"end":{"line":49,"column":5}},"line":42},"1":{"name":"(anonymous_1)","decl":{"start":{"line":70,"column":12},"end":{"line":70,"column":13}},"loc":{"start":{"line":70,"column":32},"end":{"line":77,"column":5}},"line":70}},"branchMap":{"0":{"loc":{"start":{"line":43,"column":6},"end":{"line":47,"column":7}},"type":"if","locations":[{"start":{"line":43,"column":6},"end":{"line":47,"column":7}},{"start":{},"end":{}}],"line":43},"1":{"loc":{"start":{"line":43,"column":10},"end":{"line":43,"column":61}},"type":"binary-expr","locations":[{"start":{"line":43,"column":10},"end":{"line":43,"column":30}},{"start":{"line":43,"column":34},"end":{"line":43,"column":61}}],"line":43},"2":{"loc":{"start":{"line":71,"column":6},"end":{"line":75,"column":7}},"type":"if","locations":[{"start":{"line":71,"column":6},"end":{"line":75,"column":7}},{"start":{},"end":{}}],"line":71},"3":{"loc":{"start":{"line":71,"column":10},"end":{"line":71,"column":69}},"type":"binary-expr","locations":[{"start":{"line":71,"column":10},"end":{"line":71,"column":34}},{"start":{"line":71,"column":38},"end":{"line":71,"column":69}}],"line":71}},"s":{"0":2,"1":1,"2":0,"3":1,"4":1,"5":0,"6":1,"7":2},"f":{"0":1,"1":1},"b":{"0":[0,1],"1":[1,1],"2":[0,1],"3":[1,1]},"_coverageSchema":"1a1c01bbd47fc00a2c39e90264f33305004495a9","hash":"2ad9e605fbdf0b2be0593598d792d7eb78d0c221"}
,"C:\\Users\\Vaibhav\\Desktop\\My Projects\\hirenest\\backend\\models\\Application.js": {"path":"C:\\Users\\Vaibhav\\Desktop\\My Projects\\hirenest\\backend\\models\\Application.js","statementMap":{"0":{"start":{"line":3,"column":19},"end":{"line":3,"column":27}},"1":{"start":{"line":5,"column":26},"end":{"line":36,"column":1}},"2":{"start":{"line":38,"column":0},"end":{"line":38,"column":72}},"3":{"start":{"line":40,"column":0},"end":{"line":40,"column":38}},"4":{"start":{"line":41,"column":0},"end":{"line":41,"column":44}},"5":{"start":{"line":42,"column":0},"end":{"line":42,"column":39}},"6":{"start":{"line":44,"column":20},"end":{"line":44,"column":68}}},"fnMap":{},"branchMap":{},"s":{"0":2,"1":2,"2":2,"3":2,"4":2,"5":2,"6":2},"f":{},"b":{},"_coverageSchema":"1a1c01bbd47fc00a2c39e90264f33305004495a9","hash":"e03d385171069694540ce2cde293fa607c800027"}
,"C:\\Users\\Vaibhav\\Desktop\\My Projects\\hirenest\\backend\\models\\Company.js": {"path":"C:\\Users\\Vaibhav\\Desktop\\My Projects\\hirenest\\backend\\models\\Company.js","statementMap":{"0":{"start":{"line":3,"column":19},"end":{"line":3,"column":27}},"1":{"start":{"line":5,"column":22},"end":{"line":36,"column":1}},"2":{"start":{"line":38,"column":0},"end":{"line":38,"column":73}},"3":{"start":{"line":41,"column":16},"end":{"line":41,"column":56}}},"fnMap":{},"branchMap":{},"s":{"0":2,"1":2,"2":2,"3":2},"f":{},"b":{},"_coverageSchema":"1a1c01bbd47fc00a2c39e90264f33305004495a9","hash":"edf8e415b633c58f22affca230f6d7b1e440d50c"}
,"C:\\Users\\Vaibhav\\Desktop\\My Projects\\hirenest\\backend\\models\\Job.js": {"path":"C:\\Users\\Vaibhav\\Desktop\\My Projects\\hirenest\\backend\\models\\Job.js","statementMap":{"0":{"start":{"line":3,"column":19},"end":{"line":3,"column":27}},"1":{"start":{"line":5,"column":18},"end":{"line":85,"column":1}},"2":{"start":{"line":47,"column":12},"end":{"line":49,"column":13}},"3":{"start":{"line":48,"column":14},"end":{"line":48,"column":39}},"4":{"start":{"line":50,"column":12},"end":{"line":50,"column":24}},"5":{"start":{"line":68,"column":12},"end":{"line":70,"column":13}},"6":{"start":{"line":69,"column":14},"end":{"line":69,"column":39}},"7":{"start":{"line":71,"column":12},"end":{"line":71,"column":24}},"8":{"start":{"line":87,"column":0},"end":{"line":87,"column":35}},"9":{"start":{"line":88,"column":0},"end":{"line":88,"column":32}},"10":{"start":{"line":89,"column":0},"end":{"line":89,"column":31}},"11":{"start":{"line":90,"column":0},"end":{"line":90,"column":33}},"12":{"start":{"line":92,"column":0},"end":{"line":92,"column":56}},"13":{"start":{"line":94,"column":12},"end":{"line":94,"column":44}}},"fnMap":{"0":{"name":"(anonymous_0)","decl":{"start":{"line":46,"column":21},"end":{"line":46,"column":22}},"loc":{"start":{"line":46,"column":38},"end":{"line":51,"column":11}},"line":46},"1":{"name":"(anonymous_1)","decl":{"start":{"line":67,"column":21},"end":{"line":67,"column":22}},"loc":{"start":{"line":67,"column":38},"end":{"line":72,"column":11}},"line":67}},"branchMap":{"0":{"loc":{"start":{"line":47,"column":12},"end":{"line":49,"column":13}},"type":"if","locations":[{"start":{"line":47,"column":12},"end":{"line":49,"column":13}},{"start":{},"end":{}}],"line":47},"1":{"loc":{"start":{"line":47,"column":16},"end":{"line":47,"column":33}},"type":"binary-expr","locations":[{"start":{"line":47,"column":16},"end":{"line":47,"column":24}},{"start":{"line":47,"column":28},"end":{"line":47,"column":33}}],"line":47},"2":{"loc":{"start":{"line":68,"column":12},"end":{"line":70,"column":13}},"type":"if","locations":[{"start":{"line":68,"column":12},"end":{"line":70,"column":13}},{"start":{},"end":{}}],"line":68},"3":{"loc":{"start":{"line":68,"column":16},"end":{"line":68,"column":33}},"type":"binary-expr","locations":[{"start":{"line":68,"column":16},"end":{"line":68,"column":24}},{"start":{"line":68,"column":28},"end":{"line":68,"column":33}}],"line":68}},"s":{"0":2,"1":2,"2":19,"3":0,"4":19,"5":19,"6":0,"7":19,"8":2,"9":2,"10":2,"11":2,"12":2,"13":2},"f":{"0":19,"1":19},"b":{"0":[0,19],"1":[19,0],"2":[0,19],"3":[19,0]},"_coverageSchema":"1a1c01bbd47fc00a2c39e90264f33305004495a9","hash":"59240996203ce8998cf3906ed54705a8454f28f9"}
,"C:\\Users\\Vaibhav\\Desktop\\My Projects\\hirenest\\backend\\models\\Resume.js": {"path":"C:\\Users\\Vaibhav\\Desktop\\My Projects\\hirenest\\backend\\models\\Resume.js","statementMap":{"0":{"start":{"line":3,"column":19},"end":{"line":3,"column":27}},"1":{"start":{"line":5,"column":21},"end":{"line":38,"column":1}},"2":{"start":{"line":40,"column":0},"end":{"line":40,"column":34}},"3":{"start":{"line":41,"column":0},"end":{"line":41,"column":36}},"4":{"start":{"line":43,"column":15},"end":{"line":43,"column":53}}},"fnMap":{},"branchMap":{},"s":{"0":2,"1":2,"2":2,"3":2,"4":2},"f":{},"b":{},"_coverageSchema":"1a1c01bbd47fc00a2c39e90264f33305004495a9","hash":"217b8315a238ebc9bdf9833ebed0a496d34ce728"}
,"C:\\Users\\Vaibhav\\Desktop\\My Projects\\hirenest\\backend\\models\\SavedJob.js": {"path":"C:\\Users\\Vaibhav\\Desktop\\My Projects\\hirenest\\backend\\models\\SavedJob.js","statementMap":{"0":{"start":{"line":3,"column":19},"end":{"line":3,"column":27}},"1":{"start":{"line":5,"column":23},"end":{"line":23,"column":1}},"2":{"start":{"line":25,"column":0},"end":{"line":25,"column":64}},"3":{"start":{"line":26,"column":0},"end":{"line":26,"column":36}},"4":{"start":{"line":27,"column":0},"end":{"line":27,"column":35}},"5":{"start":{"line":29,"column":17},"end":{"line":29,"column":59}}},"fnMap":{},"branchMap":{},"s":{"0":2,"1":2,"2":2,"3":2,"4":2,"5":2},"f":{},"b":{},"_coverageSchema":"1a1c01bbd47fc00a2c39e90264f33305004495a9","hash":"1a22784bd7c5e6425fe8266341b645a8619d9d9c"}
,"C:\\Users\\Vaibhav\\Desktop\\My Projects\\hirenest\\backend\\models\\User.js": {"path":"C:\\Users\\Vaibhav\\Desktop\\My Projects\\hirenest\\backend\\models\\User.js","statementMap":{"0":{"start":{"line":4,"column":19},"end":{"line":4,"column":27}},"1":{"start":{"line":6,"column":19},"end":{"line":40,"column":1}},"2":{"start":{"line":43,"column":0},"end":{"line":48,"column":3}},"3":{"start":{"line":44,"column":2},"end":{"line":46,"column":3}},"4":{"start":{"line":45,"column":4},"end":{"line":45,"column":11}},"5":{"start":{"line":47,"column":2},"end":{"line":47,"column":55}},"6":{"start":{"line":51,"column":0},"end":{"line":53,"column":2}},"7":{"start":{"line":52,"column":2},"end":{"line":52,"column":64}},"8":{"start":{"line":55,"column":13},"end":{"line":55,"column":47}}},"fnMap":{"0":{"name":"(anonymous_0)","decl":{"start":{"line":43,"column":23},"end":{"line":43,"column":24}},"loc":{"start":{"line":43,"column":41},"end":{"line":48,"column":1}},"line":43},"1":{"name":"(anonymous_1)","decl":{"start":{"line":51,"column":37},"end":{"line":51,"column":38}},"loc":{"start":{"line":51,"column":72},"end":{"line":53,"column":1}},"line":51}},"branchMap":{"0":{"loc":{"start":{"line":44,"column":2},"end":{"line":46,"column":3}},"type":"if","locations":[{"start":{"line":44,"column":2},"end":{"line":46,"column":3}},{"start":{},"end":{}}],"line":44}},"s":{"0":2,"1":2,"2":2,"3":32,"4":0,"5":32,"6":2,"7":1,"8":2},"f":{"0":32,"1":1},"b":{"0":[0,32]},"_coverageSchema":"1a1c01bbd47fc00a2c39e90264f33305004495a9","hash":"4646421f5adc4d2ea299f2667a165c7556903b56"}
,"C:\\Users\\Vaibhav\\Desktop\\My Projects\\hirenest\\backend\\utils\\AppError.js": {"path":"C:\\Users\\Vaibhav\\Desktop\\My Projects\\hirenest\\backend\\utils\\AppError.js","statementMap":{"0":{"start":{"line":3,"column":4},"end":{"line":3,"column":19}},"1":{"start":{"line":4,"column":4},"end":{"line":4,"column":33}},"2":{"start":{"line":5,"column":4},"end":{"line":5,"column":69}},"3":{"start":{"line":6,"column":4},"end":{"line":6,"column":30}},"4":{"start":{"line":7,"column":4},"end":{"line":7,"column":52}}},"fnMap":{"0":{"name":"(anonymous_0)","decl":{"start":{"line":2,"column":2},"end":{"line":2,"column":3}},"loc":{"start":{"line":2,"column":35},"end":{"line":8,"column":3}},"line":2}},"branchMap":{"0":{"loc":{"start":{"line":5,"column":18},"end":{"line":5,"column":68}},"type":"cond-expr","locations":[{"start":{"line":5,"column":52},"end":{"line":5,"column":58}},{"start":{"line":5,"column":61},"end":{"line":5,"column":68}}],"line":5}},"s":{"0":8,"1":8,"2":8,"3":8,"4":8},"f":{"0":8},"b":{"0":[8,0]},"_coverageSchema":"1a1c01bbd47fc00a2c39e90264f33305004495a9","hash":"68f3738f708cdf7e3d772330cdadf27ecca457b2"}
,"C:\\Users\\Vaibhav\\Desktop\\My Projects\\hirenest\\backend\\utils\\asyncHandler.js": {"path":"C:\\Users\\Vaibhav\\Desktop\\My Projects\\hirenest\\backend\\utils\\asyncHandler.js","statementMap":{"0":{"start":{"line":1,"column":21},"end":{"line":5,"column":1}},"1":{"start":{"line":2,"column":2},"end":{"line":4,"column":4}},"2":{"start":{"line":3,"column":4},"end":{"line":3,"column":52}}},"fnMap":{"0":{"name":"(anonymous_0)","decl":{"start":{"line":1,"column":21},"end":{"line":1,"column":22}},"loc":{"start":{"line":1,"column":29},"end":{"line":5,"column":1}},"line":1},"1":{"name":"(anonymous_1)","decl":{"start":{"line":2,"column":9},"end":{"line":2,"column":10}},"loc":{"start":{"line":2,"column":29},"end":{"line":4,"column":3}},"line":2}},"branchMap":{},"s":{"0":2,"1":48,"2":18},"f":{"0":48,"1":18},"b":{},"_coverageSchema":"1a1c01bbd47fc00a2c39e90264f33305004495a9","hash":"9a17cd4af49991fd1be7a280960760fa818b7ec0"}
,"C:\\Users\\Vaibhav\\Desktop\\My Projects\\hirenest\\backend\\utils\\generateToken.js": {"path":"C:\\Users\\Vaibhav\\Desktop\\My Projects\\hirenest\\backend\\utils\\generateToken.js","statementMap":{"0":{"start":{"line":3,"column":22},"end":{"line":7,"column":1}},"1":{"start":{"line":4,"column":2},"end":{"line":6,"column":5}}},"fnMap":{"0":{"name":"(anonymous_0)","decl":{"start":{"line":3,"column":22},"end":{"line":3,"column":23}},"loc":{"start":{"line":3,"column":34},"end":{"line":7,"column":1}},"line":3}},"branchMap":{},"s":{"0":2,"1":2},"f":{"0":2},"b":{},"_coverageSchema":"1a1c01bbd47fc00a2c39e90264f33305004495a9","hash":"bf98f8b47df01263ad548882a3a20a90a819e1ae"}
}
