TN:
SF:controllers\applicationController.js
FN:7,(anonymous_0)
FN:55,(anonymous_1)
FN:63,(anonymous_2)
FN:81,(anonymous_3)
FNF:4
FNH:0
FNDA:0,(anonymous_0)
FNDA:0,(anonymous_1)
FNDA:0,(anonymous_2)
FNDA:0,(anonymous_3)
DA:7,2
DA:8,0
DA:9,0
DA:11,0
DA:13,0
DA:14,0
DA:17,0
DA:18,0
DA:21,0
DA:22,0
DA:25,0
DA:30,0
DA:31,0
DA:34,0
DA:39,0
DA:40,0
DA:43,0
DA:50,0
DA:55,2
DA:56,0
DA:60,0
DA:63,2
DA:64,0
DA:66,0
DA:67,0
DA:70,0
DA:71,0
DA:74,0
DA:78,0
DA:81,2
DA:82,0
DA:84,0
DA:85,0
DA:88,0
DA:92,0
DA:93,0
DA:96,0
DA:97,0
DA:100,0
DA:101,0
DA:103,0
LF:41
LH:4
BRDA:13,0,0,0
BRDA:13,0,1,0
BRDA:17,1,0,0
BRDA:17,1,1,0
BRDA:21,2,0,0
BRDA:21,2,1,0
BRDA:30,3,0,0
BRDA:30,3,1,0
BRDA:39,4,0,0
BRDA:39,4,1,0
BRDA:66,5,0,0
BRDA:66,5,1,0
BRDA:70,6,0,0
BRDA:70,6,1,0
BRDA:84,7,0,0
BRDA:84,7,1,0
BRDA:92,8,0,0
BRDA:92,8,1,0
BRDA:96,9,0,0
BRDA:96,9,1,0
BRF:20
BRH:0
end_of_record
TN:
SF:controllers\authController.js
FN:6,(anonymous_0)
FN:34,(anonymous_1)
FNF:2
FNH:2
FNDA:3,(anonymous_0)
FNDA:3,(anonymous_1)
DA:6,2
DA:7,3
DA:9,3
DA:11,3
DA:12,1
DA:15,2
DA:23,2
DA:25,2
DA:34,2
DA:35,3
DA:37,3
DA:39,3
DA:40,3
DA:43,0
DA:45,0
LF:15
LH:13
BRDA:11,0,0,1
BRDA:11,0,1,2
BRDA:39,1,0,3
BRDA:39,1,1,0
BRDA:39,2,0,3
BRDA:39,2,1,1
BRF:6
BRH:5
end_of_record
TN:
SF:controllers\companyController.js
FN:8,(anonymous_0)
FN:34,(anonymous_1)
FN:47,(anonymous_2)
FNF:3
FNH:0
FNDA:0,(anonymous_0)
FNDA:0,(anonymous_1)
FNDA:0,(anonymous_2)
DA:8,2
DA:9,0
DA:13,0
DA:15,0
DA:16,0
DA:19,0
DA:28,0
DA:34,2
DA:35,0
DA:37,0
DA:38,0
DA:41,0
DA:47,2
DA:48,0
DA:50,0
DA:52,0
DA:53,0
DA:56,0
DA:57,0
DA:58,0
DA:59,0
DA:60,0
DA:62,0
DA:64,0
LF:24
LH:3
BRDA:15,0,0,0
BRDA:15,0,1,0
BRDA:37,1,0,0
BRDA:37,1,1,0
BRDA:52,2,0,0
BRDA:52,2,1,0
BRDA:56,3,0,0
BRDA:56,3,1,0
BRDA:57,4,0,0
BRDA:57,4,1,0
BRDA:58,5,0,0
BRDA:58,5,1,0
BRDA:59,6,0,0
BRDA:59,6,1,0
BRDA:60,7,0,0
BRDA:60,7,1,0
BRF:16
BRH:0
end_of_record
TN:
SF:controllers\jobController.js
FN:10,(anonymous_0)
FN:38,(anonymous_1)
FN:75,(anonymous_2)
FN:90,(anonymous_3)
FN:116,(anonymous_4)
FN:136,(anonymous_5)
FN:160,(anonymous_6)
FN:201,(anonymous_7)
FN:210,(anonymous_8)
FNF:9
FNH:6
FNDA:1,(anonymous_0)
FNDA:3,(anonymous_1)
FNDA:2,(anonymous_2)
FNDA:2,(anonymous_3)
FNDA:2,(anonymous_4)
FNDA:2,(anonymous_5)
FNDA:0,(anonymous_6)
FNDA:0,(anonymous_7)
FNDA:0,(anonymous_8)
DA:10,2
DA:12,1
DA:14,1
DA:16,1
DA:17,0
DA:20,1
DA:32,1
DA:38,2
DA:39,3
DA:41,3
DA:43,3
DA:44,0
DA:46,3
DA:47,1
DA:49,3
DA:50,1
DA:53,3
DA:55,3
DA:62,3
DA:64,3
DA:75,2
DA:76,2
DA:80,2
DA:81,1
DA:84,1
DA:90,2
DA:91,2
DA:93,2
DA:94,1
DA:97,1
DA:98,0
DA:101,1
DA:102,0
DA:105,1
DA:110,1
DA:116,2
DA:117,2
DA:119,2
DA:120,1
DA:123,1
DA:124,0
DA:127,1
DA:128,1
DA:130,1
DA:136,2
DA:137,2
DA:139,2
DA:140,0
DA:143,2
DA:144,0
DA:147,2
DA:148,1
DA:151,1
DA:152,1
DA:154,1
DA:160,2
DA:161,0
DA:190,0
DA:195,0
DA:201,2
DA:202,0
DA:203,0
DA:209,0
DA:210,0
DA:213,0
DA:217,0
DA:222,0
LF:67
LH:50
BRDA:16,0,0,0
BRDA:16,0,1,1
BRDA:39,1,0,3
BRDA:39,2,0,3
BRDA:43,3,0,0
BRDA:43,3,1,3
BRDA:46,4,0,1
BRDA:46,4,1,2
BRDA:49,5,0,1
BRDA:49,5,1,2
BRDA:80,6,0,1
BRDA:80,6,1,1
BRDA:93,7,0,1
BRDA:93,7,1,1
BRDA:97,8,0,0
BRDA:97,8,1,1
BRDA:101,9,0,0
BRDA:101,9,1,1
BRDA:119,10,0,1
BRDA:119,10,1,1
BRDA:123,11,0,0
BRDA:123,11,1,1
BRDA:139,12,0,0
BRDA:139,12,1,2
BRDA:143,13,0,0
BRDA:143,13,1,2
BRDA:147,14,0,1
BRDA:147,14,1,1
BRF:28
BRH:21
end_of_record
TN:
SF:controllers\resumeController.js
FN:9,(anonymous_0)
FN:36,(anonymous_1)
FN:46,(anonymous_2)
FN:80,(anonymous_3)
FNF:4
FNH:0
FNDA:0,(anonymous_0)
FNDA:0,(anonymous_1)
FNDA:0,(anonymous_2)
FNDA:0,(anonymous_3)
DA:9,2
DA:10,0
DA:11,0
DA:16,0
DA:18,0
DA:27,0
DA:36,2
DA:37,0
DA:40,0
DA:46,2
DA:47,0
DA:52,0
DA:53,0
DA:57,0
DA:59,0
DA:61,0
DA:62,0
DA:66,0
DA:72,0
DA:74,0
DA:80,2
DA:81,0
DA:86,0
DA:87,0
DA:91,0
DA:94,0
DA:95,0
DA:97,0
LF:28
LH:4
BRDA:10,0,0,0
BRDA:10,0,1,0
BRDA:52,1,0,0
BRDA:52,1,1,0
BRDA:57,2,0,0
BRDA:57,2,1,0
BRDA:59,3,0,0
BRDA:59,3,1,0
BRDA:86,4,0,0
BRDA:86,4,1,0
BRF:10
BRH:0
end_of_record
TN:
SF:controllers\savedJobController.js
FN:9,(anonymous_0)
FN:35,(anonymous_1)
FN:46,(anonymous_2)
FNF:3
FNH:0
FNDA:0,(anonymous_0)
FNDA:0,(anonymous_1)
FNDA:0,(anonymous_2)
DA:9,2
DA:10,0
DA:11,0
DA:13,0
DA:14,0
DA:17,0
DA:22,0
DA:23,0
DA:26,0
DA:27,0
DA:29,0
DA:35,2
DA:36,0
DA:40,0
DA:46,2
DA:47,0
DA:49,0
DA:54,0
DA:55,0
DA:58,0
DA:60,0
LF:21
LH:3
BRDA:13,0,0,0
BRDA:13,0,1,0
BRDA:22,1,0,0
BRDA:22,1,1,0
BRDA:54,2,0,0
BRDA:54,2,1,0
BRF:6
BRH:0
end_of_record
TN:
SF:middleware\authMiddleware.js
FN:4,(anonymous_0)
FN:35,(anonymous_1)
FN:36,(anonymous_2)
FNF:3
FNH:3
FNDA:15,(anonymous_0)
FNDA:30,(anonymous_1)
FNDA:9,(anonymous_2)
DA:4,2
DA:7,15
DA:11,13
DA:12,13
DA:13,13
DA:15,11
DA:18,11
DA:19,1
DA:24,10
DA:26,2
DA:30,12
DA:31,2
DA:35,2
DA:36,30
DA:37,9
DA:38,1
DA:42,8
LF:17
LH:17
BRDA:7,0,0,13
BRDA:7,0,1,2
BRDA:8,1,0,15
BRDA:8,1,1,14
BRDA:18,2,0,1
BRDA:18,2,1,10
BRDA:30,3,0,2
BRDA:30,3,1,10
BRDA:37,4,0,1
BRDA:37,4,1,8
BRF:10
BRH:10
end_of_record
TN:
SF:middleware\errorHandler.js
FN:3,(anonymous_0)
FNF:1
FNH:1
FNDA:8,(anonymous_0)
DA:3,2
DA:4,8
DA:5,8
DA:7,8
DA:8,0
DA:15,8
DA:16,8
DA:21,0
DA:22,0
LF:9
LH:6
BRDA:4,0,0,8
BRDA:4,0,1,0
BRDA:5,1,0,8
BRDA:5,1,1,0
BRDA:7,2,0,0
BRDA:7,2,1,8
BRDA:15,3,0,8
BRDA:15,3,1,0
BRF:8
BRH:4
end_of_record
TN:
SF:middleware\upload.js
FN:14,(anonymous_0)
FN:28,(anonymous_1)
FN:36,(anonymous_2)
FN:45,(anonymous_3)
FNF:4
FNH:0
FNDA:0,(anonymous_0)
FNDA:0,(anonymous_1)
FNDA:0,(anonymous_2)
FNDA:0,(anonymous_3)
DA:6,2
DA:15,0
DA:16,0
DA:22,2
DA:29,0
DA:30,0
DA:36,2
DA:37,0
DA:38,0
DA:40,0
DA:45,2
DA:46,0
DA:47,0
DA:49,0
DA:54,2
DA:63,2
LF:16
LH:6
BRDA:37,0,0,0
BRDA:37,0,1,0
BRDA:46,1,0,0
BRDA:46,1,1,0
BRF:4
BRH:0
end_of_record
TN:
SF:middleware\validate.js
FN:3,(anonymous_0)
FN:7,(anonymous_1)
FNF:2
FNH:2
FNDA:16,(anonymous_0)
FNDA:13,(anonymous_1)
DA:3,2
DA:4,16
DA:6,16
DA:7,13
DA:12,7
DA:18,9
LF:6
LH:6
BRDA:6,0,0,7
BRDA:6,0,1,9
BRF:2
BRH:2
end_of_record
TN:
SF:middleware\validators\applicationValidator.js
FNF:0
FNH:0
DA:4,2
DA:14,2
LF:2
LH:2
BRF:0
BRH:0
end_of_record
TN:
SF:middleware\validators\authValidator.js
FNF:0
FNH:0
DA:4,2
DA:43,2
LF:2
LH:2
BRF:0
BRH:0
end_of_record
TN:
SF:middleware\validators\jobValidator.js
FN:42,(anonymous_0)
FN:70,(anonymous_1)
FNF:2
FNH:2
FNDA:1,(anonymous_0)
FNDA:1,(anonymous_1)
DA:4,2
DA:43,1
DA:44,0
DA:48,1
DA:71,1
DA:72,0
DA:76,1
DA:81,2
LF:8
LH:6
BRDA:43,0,0,0
BRDA:43,0,1,1
BRDA:43,1,0,1
BRDA:43,1,1,1
BRDA:71,2,0,0
BRDA:71,2,1,1
BRDA:71,3,0,1
BRDA:71,3,1,1
BRF:8
BRH:6
end_of_record
TN:
SF:models\Application.js
FNF:0
FNH:0
DA:3,2
DA:5,2
DA:38,2
DA:40,2
DA:41,2
DA:42,2
DA:44,2
LF:7
LH:7
BRF:0
BRH:0
end_of_record
TN:
SF:models\Company.js
FNF:0
FNH:0
DA:3,2
DA:5,2
DA:38,2
DA:41,2
LF:4
LH:4
BRF:0
BRH:0
end_of_record
TN:
SF:models\Job.js
FN:46,(anonymous_0)
FN:67,(anonymous_1)
FNF:2
FNH:2
FNDA:19,(anonymous_0)
FNDA:19,(anonymous_1)
DA:3,2
DA:5,2
DA:47,19
DA:48,0
DA:50,19
DA:68,19
DA:69,0
DA:71,19
DA:87,2
DA:88,2
DA:89,2
DA:90,2
DA:92,2
DA:94,2
LF:14
LH:12
BRDA:47,0,0,0
BRDA:47,0,1,19
BRDA:47,1,0,19
BRDA:47,1,1,0
BRDA:68,2,0,0
BRDA:68,2,1,19
BRDA:68,3,0,19
BRDA:68,3,1,0
BRF:8
BRH:4
end_of_record
TN:
SF:models\Resume.js
FNF:0
FNH:0
DA:3,2
DA:5,2
DA:40,2
DA:41,2
DA:43,2
LF:5
LH:5
BRF:0
BRH:0
end_of_record
TN:
SF:models\SavedJob.js
FNF:0
FNH:0
DA:3,2
DA:5,2
DA:25,2
DA:26,2
DA:27,2
DA:29,2
LF:6
LH:6
BRF:0
BRH:0
end_of_record
TN:
SF:models\User.js
FN:43,(anonymous_0)
FN:51,(anonymous_1)
FNF:2
FNH:2
FNDA:32,(anonymous_0)
FNDA:1,(anonymous_1)
DA:4,2
DA:6,2
DA:43,2
DA:44,32
DA:45,0
DA:47,32
DA:51,2
DA:52,1
DA:55,2
LF:9
LH:8
BRDA:44,0,0,0
BRDA:44,0,1,32
BRF:2
BRH:1
end_of_record
TN:
SF:utils\AppError.js
FN:2,(anonymous_0)
FNF:1
FNH:1
FNDA:8,(anonymous_0)
DA:3,8
DA:4,8
DA:5,8
DA:6,8
DA:7,8
LF:5
LH:5
BRDA:5,0,0,8
BRDA:5,0,1,0
BRF:2
BRH:1
end_of_record
TN:
SF:utils\asyncHandler.js
FN:1,(anonymous_0)
FN:2,(anonymous_1)
FNF:2
FNH:2
FNDA:48,(anonymous_0)
FNDA:18,(anonymous_1)
DA:1,2
DA:2,48
DA:3,18
LF:3
LH:3
BRF:0
BRH:0
end_of_record
TN:
SF:utils\generateToken.js
FN:3,(anonymous_0)
FNF:1
FNH:1
FNDA:2,(anonymous_0)
DA:3,2
DA:4,2
LF:2
LH:2
BRF:0
BRH:0
end_of_record
